d:\0000-수업\2022-1학기\프로그래밍랩\22-1학기-실습소스\lab03-실습\lab3-6\debug\vc142.pdb
d:\0000-수업\2022-1학기\프로그래밍랩\22-1학기-실습소스\lab03-실습\lab3-6\debug\vc142.idb
d:\0000-수업\2022-1학기\프로그래밍랩\22-1학기-실습소스\lab03-실습\lab3-6\debug\lab3-6.obj
c:\users\computer\documents\00000-강의\2023-1학기\프로그래밍랩\23-1학기-실습소스\lab03-실습\lab3-6\debug\vc143.pdb
c:\users\computer\documents\00000-강의\2023-1학기\프로그래밍랩\23-1학기-실습소스\lab03-실습\lab3-6\debug\vc143.idb
c:\users\computer\documents\00000-강의\2023-1학기\프로그래밍랩\23-1학기-실습소스\lab03-실습\lab3-6\debug\lab3-6.obj
d:\0000-수업\2022-1학기\프로그래밍랩\22-1학기-실습소스\lab03-실습\debug\lab3-6.exe
d:\0000-수업\2022-1학기\프로그래밍랩\22-1학기-실습소스\lab03-실습\lab3-6\debug\lab3-6.ilk
d:\0000-수업\2022-1학기\프로그래밍랩\22-1학기-실습소스\lab03-실습\debug\lab3-6.pdb
c:\users\computer\documents\00000-강의\2023-1학기\프로그래밍랩\23-1학기-실습소스\lab03-실습\lab3-6\debug\lab3-6.ilk
c:\users\computer\documents\00000-강의\2023-1학기\프로그래밍랩\23-1학기-실습소스\lab03-실습\debug\lab3-6.exe
c:\users\computer\documents\00000-강의\2023-1학기\프로그래밍랩\23-1학기-실습소스\lab03-실습\debug\lab3-6.pdb
c:\users\computer\documents\00000-강의\2023-1학기\프로그래밍랩\23-1학기-실습소스\lab03-실습\lab3-6\debug\vc142.idb
c:\users\computer\documents\00000-강의\2023-1학기\프로그래밍랩\23-1학기-실습소스\lab03-실습\lab3-6\debug\vc142.pdb
c:\users\computer\documents\00000-강의\2023-1학기\프로그래밍랩\23-1학기-실습소스\lab03-실습\lab3-6\debug\lab3-6.tlog\cl.command.1.tlog
c:\users\computer\documents\00000-강의\2023-1학기\프로그래밍랩\23-1학기-실습소스\lab03-실습\lab3-6\debug\lab3-6.tlog\cl.read.1.tlog
c:\users\computer\documents\00000-강의\2023-1학기\프로그래밍랩\23-1학기-실습소스\lab03-실습\lab3-6\debug\lab3-6.tlog\cl.write.1.tlog
c:\users\computer\documents\00000-강의\2023-1학기\프로그래밍랩\23-1학기-실습소스\lab03-실습\lab3-6\debug\lab3-6.tlog\link.command.1.tlog
c:\users\computer\documents\00000-강의\2023-1학기\프로그래밍랩\23-1학기-실습소스\lab03-실습\lab3-6\debug\lab3-6.tlog\link.read.1.tlog
c:\users\computer\documents\00000-강의\2023-1학기\프로그래밍랩\23-1학기-실습소스\lab03-실습\lab3-6\debug\lab3-6.tlog\link.write.1.tlog
